<?xml version="1.0" encoding="UTF-8"?>
<!-- Generated by org.testng.reporters.JUnitReportReporter -->
<testsuite hostname="DESKTOP-3HEU5F7" failures="0" tests="4" name="test.LoginPageTest" time="30.858" errors="0" timestamp="2024-06-21T00:42:29 IST" skipped="0">
  <testcase classname="test.LoginPageTest" name="verifyUserLoginWithValidCredentials" time="9.191"/>
  <testcase classname="test.LoginPageTest" name="verifyUserLoginWithInvalidCredential" time="6.140"/>
  <testcase classname="test.LoginPageTest" name="verifyUserLoginWithInvalidCredential" time="9.789"/>
  <testcase classname="test.LoginPageTest" name="verifyUserLoginWithInvalidCredential" time="5.738"/>
</testsuite> <!-- test.LoginPageTest -->
