<?xml version="1.0" encoding="UTF-8"?>
<!-- Generated by org.testng.reporters.JUnitReportReporter -->
<testsuite hostname="DESKTOP-3HEU5F7" failures="0" tests="2" name="test.HomePageTest" time="18.015" errors="0" timestamp="2024-06-21T02:28:27 IST" skipped="0">
  <testcase classname="test.HomePageTest" name="getPageTitle" time="9.665"/>
  <testcase classname="test.HomePageTest" name="verifyUserLoginDate" time="8.350"/>
</testsuite> <!-- test.HomePageTest -->
