<?xml version="1.0" encoding="UTF-8"?>
<!-- Generated by org.testng.reporters.JUnitReportReporter -->
<testsuite hostname="DESKTOP-3HEU5F7" failures="0" tests="2" name="test.ResetPageTest" time="15.289" errors="0" timestamp="2024-06-21T00:42:29 IST" skipped="0">
  <testcase classname="test.ResetPageTest" name="verifyForgotpasswordWithInvalidEmailid" time="7.466"/>
  <testcase classname="test.ResetPageTest" name="verifyForgotpasswordWithValidEmailid" time="7.823"/>
</testsuite> <!-- test.ResetPageTest -->
