<?xml version="1.0" encoding="UTF-8"?>
<!-- Generated by org.testng.reporters.JUnitReportReporter -->
<testsuite hostname="DESKTOP-3HEU5F7" failures="0" tests="4" name="test.LoginPageTest" time="33.197" errors="0" timestamp="2024-06-21T02:28:26 IST" skipped="0">
  <testcase classname="test.LoginPageTest" name="verifyUserLoginWithInvalidCredential" time="10.854"/>
  <testcase classname="test.LoginPageTest" name="verifyUserLoginWithInvalidCredential" time="7.710"/>
  <testcase classname="test.LoginPageTest" name="verifyUserLoginWithValidCredentials" time="7.794"/>
  <testcase classname="test.LoginPageTest" name="verifyUserLoginWithInvalidCredential" time="6.839"/>
</testsuite> <!-- test.LoginPageTest -->
