<?xml version="1.0" encoding="UTF-8"?>
<!-- Generated by org.testng.reporters.JUnitReportReporter -->
<testsuite hostname="DESKTOP-3HEU5F7" failures="0" tests="3" name="test.AddUserTest" time="68.687" errors="0" timestamp="2024-06-21T00:42:29 IST" skipped="0">
  <testcase classname="test.AddUserTest" name="verifyAddingUser" time="13.482"/>
  <testcase classname="test.AddUserTest" name="verifyDeleteingNewlyAddedUser" time="24.939"/>
  <testcase classname="test.AddUserTest" name="verifyUserLoginWithNewAddedUser" time="30.266"/>
</testsuite> <!-- test.AddUserTest -->
