<?xml version="1.0" encoding="UTF-8"?>
<!-- Generated by org.testng.reporters.JUnitReportReporter -->
<testsuite hostname="DESKTOP-3HEU5F7" failures="0" tests="1" name="test.UsersTest" time="13.259" errors="0" timestamp="2024-06-21T02:28:27 IST" skipped="0">
  <testcase classname="test.UsersTest" name="verifySearchByField" time="13.259"/>
</testsuite> <!-- test.UsersTest -->
