<?xml version="1.0" encoding="UTF-8"?>
<!-- Generated by org.testng.reporters.JUnitReportReporter -->
<testsuite hostname="DESKTOP-3HEU5F7" failures="0" tests="1" name="test.AddUser" time="17.599" errors="0" timestamp="2024-06-13T18:20:39 IST" skipped="0">
  <testcase classname="test.AddUser" name="verifyAddingUser" time="17.599"/>
</testsuite> <!-- test.AddUser -->
