<?xml version="1.0" encoding="UTF-8"?>
<!-- Generated by org.testng.reporters.JUnitReportReporter -->
<testsuite hostname="DESKTOP-3HEU5F7" failures="0" tests="1" name="test.LoginPageTest" time="8.716" errors="0" timestamp="2024-06-21T01:04:06 IST" skipped="0">
  <testcase classname="test.LoginPageTest" name="verifyUserLoginWithValidCredentials" time="8.716"/>
</testsuite> <!-- test.LoginPageTest -->
