<?xml version="1.0" encoding="UTF-8"?>
<!-- Generated by org.testng.reporters.JUnitReportReporter -->
<testsuite hostname="DESKTOP-3HEU5F7" failures="0" tests="1" name="test.LoginPageTest" time="9.276" errors="0" timestamp="2024-06-08T00:08:41 IST" skipped="0">
  <testcase classname="test.LoginPageTest" name="verifyUserLoginWithValidCredential" time="9.276"/>
</testsuite> <!-- test.LoginPageTest -->
