<?xml version="1.0" encoding="UTF-8"?>
<!-- Generated by org.testng.reporters.JUnitReportReporter -->
<testsuite hostname="DESKTOP-3HEU5F7" failures="0" tests="1" name="test.Users" time="11.191" errors="0" timestamp="2024-06-09T22:30:54 IST" skipped="0">
  <testcase classname="test.Users" name="verifySearchByField" time="11.191"/>
</testsuite> <!-- test.Users -->
