<?xml version="1.0" encoding="UTF-8"?>
<!-- Generated by org.testng.reporters.JUnitReportReporter -->
<testsuite hostname="DESKTOP-3HEU5F7" failures="0" tests="1" name="test.HomePageTest" time="8.404" errors="0" timestamp="2024-06-09T21:23:09 IST" skipped="0">
  <testcase classname="test.HomePageTest" name="getCaluculatorResult" time="8.404"/>
</testsuite> <!-- test.HomePageTest -->
