<?xml version="1.0" encoding="UTF-8"?>
<!-- Generated by org.testng.reporters.JUnitReportReporter -->
<testsuite hostname="DESKTOP-3HEU5F7" failures="0" tests="1" name="testcases.ResetPageTest" time="16.547" errors="0" timestamp="2024-06-07T15:18:26 IST" skipped="0">
  <testcase classname="testcases.ResetPageTest" name="verifyForgotpasswordWithValidEmailid" time="16.547"/>
</testsuite> <!-- testcases.ResetPageTest -->
