<?xml version="1.0" encoding="UTF-8"?>
<!-- Generated by org.testng.reporters.JUnitReportReporter -->
<testsuite hostname="DESKTOP-3HEU5F7" failures="0" tests="1" name="test.UserMangementTest" time="25.429" errors="0" timestamp="2024-06-21T00:42:29 IST" skipped="0">
  <testcase classname="test.UserMangementTest" name="verifyPoolElementinUserMangement" time="25.429"/>
</testsuite> <!-- test.UserMangementTest -->
