<?xml version="1.0" encoding="UTF-8"?>
<!-- Generated by org.testng.reporters.JUnitReportReporter -->
<testsuite hostname="DESKTOP-3HEU5F7" failures="0" tests="1" name="test.UserMangement" time="14.408" errors="0" timestamp="2024-06-10T01:34:57 IST" skipped="0">
  <testcase classname="test.UserMangement" name="verifyUserMangement" time="14.408"/>
</testsuite> <!-- test.UserMangement -->
