<?xml version="1.0" encoding="UTF-8"?>
<!-- Generated by org.testng.reporters.JUnitReportReporter -->
<testsuite hostname="DESKTOP-3HEU5F7" failures="0" tests="1" name="testcases.HomePageTest" time="14.141" errors="0" timestamp="2024-06-07T15:28:27 IST" skipped="0">
  <testcase classname="testcases.HomePageTest" name="verifyDateDisplayedtToSystemDate" time="14.141"/>
</testsuite> <!-- testcases.HomePageTest -->
