<?xml version="1.0" encoding="UTF-8"?>
<!-- Generated by org.testng.reporters.JUnitReportReporter -->
<testsuite hostname="DESKTOP-3HEU5F7" failures="0" tests="3" name="testcases.LoginPageTest" time="33.273" errors="0" timestamp="2024-06-07T20:41:58 IST" skipped="0">
  <testcase classname="testcases.LoginPageTest" name="verifyUserLoginWithInvalidCredential" time="10.618"/>
  <testcase classname="testcases.LoginPageTest" name="verifyUserLoginWithInvalidCredential" time="12.211"/>
  <testcase classname="testcases.LoginPageTest" name="verifyUserLoginWithInvalidCredential" time="10.444"/>
</testsuite> <!-- testcases.LoginPageTest -->
