<?xml version="1.0" encoding="UTF-8"?>
<!-- Generated by org.testng.reporters.JUnitReportReporter -->
<testsuite hostname="DESKTOP-3HEU5F7" failures="0" tests="1" name="testcases.UserMangement" time="11.824" errors="0" timestamp="2024-06-07T18:28:31 IST" skipped="0">
  <testcase classname="testcases.UserMangement" name="verifyAddingUser" time="11.824"/>
</testsuite> <!-- testcases.UserMangement -->
