<?xml version="1.0" encoding="UTF-8"?>
<!-- Generated by org.testng.reporters.JUnitReportReporter -->
<testsuite hostname="DESKTOP-3HEU5F7" failures="0" tests="1" name="test.AddUser" time="23.226" errors="0" timestamp="2024-06-10T01:56:34 IST" skipped="0">
  <testcase classname="test.AddUser" name="verifyUserLoginWithNewAddedUser" time="23.226"/>
</testsuite> <!-- test.AddUser -->
