<?xml version="1.0" encoding="UTF-8"?>
<!-- Generated by org.testng.reporters.JUnitReportReporter -->
<testsuite hostname="DESKTOP-3HEU5F7" failures="0" tests="1" name="test.Users" time="14.641" errors="0" timestamp="2024-06-15T00:50:25 IST" skipped="0">
  <testcase classname="test.Users" name="verifySearchByField" time="14.641"/>
</testsuite> <!-- test.Users -->
