<?xml version="1.0" encoding="UTF-8"?>
<!-- Generated by org.testng.reporters.JUnitReportReporter -->
<testsuite hostname="DESKTOP-3HEU5F7" failures="0" tests="2" name="test.ResetPageTest" time="28.293" errors="0" timestamp="2024-06-21T02:28:27 IST" skipped="0">
  <testcase classname="test.ResetPageTest" name="verifyForgotpasswordWithValidEmailid" time="17.357"/>
  <testcase classname="test.ResetPageTest" name="verifyForgotpasswordWithInvalidEmailid" time="10.936"/>
</testsuite> <!-- test.ResetPageTest -->
