<?xml version="1.0" encoding="UTF-8"?>
<!-- Generated by org.testng.reporters.JUnitReportReporter -->
<testsuite hostname="DESKTOP-3HEU5F7" failures="0" tests="1" name="test.EditUserTest" time="11.915" errors="0" timestamp="2024-06-21T02:28:27 IST" skipped="0">
  <testcase classname="test.EditUserTest" name="editAnExistingUser" time="11.915"/>
</testsuite> <!-- test.EditUserTest -->
