<?xml version="1.0" encoding="UTF-8"?>
<!-- Generated by org.testng.reporters.JUnitReportReporter -->
<testsuite hostname="DESKTOP-3HEU5F7" failures="0" tests="1" name="test.ResetPageTest" time="9.216" errors="0" timestamp="2024-06-13T00:39:36 IST" skipped="0">
  <testcase classname="test.ResetPageTest" name="verifyForgotpasswordWithValidEmailid" time="9.216"/>
</testsuite> <!-- test.ResetPageTest -->
