<?xml version="1.0" encoding="UTF-8"?>
<!-- Generated by org.testng.reporters.JUnitReportReporter -->
<testsuite hostname="DESKTOP-3HEU5F7" failures="0" tests="3" name="test.AddUserTest" time="62.058" errors="0" timestamp="2024-06-21T02:28:26 IST" skipped="0">
  <testcase classname="test.AddUserTest" name="verifyAddingUser" time="13.068"/>
  <testcase classname="test.AddUserTest" name="verifyDeleteingNewlyAddedUser" time="28.565"/>
  <testcase classname="test.AddUserTest" name="verifyUserLoginWithNewAddedUser" time="20.425"/>
</testsuite> <!-- test.AddUserTest -->
