<?xml version="1.0" encoding="UTF-8"?>
<!-- Generated by org.testng.reporters.JUnitReportReporter -->
<testsuite hostname="DESKTOP-3HEU5F7" failures="0" tests="1" name="test.LoginPageTest" time="11.511" errors="0" timestamp="2024-06-12T21:04:03 IST" skipped="0">
  <testcase classname="test.LoginPageTest" name="verifyUserLoginWithValidCredentials" time="11.511"/>
</testsuite> <!-- test.LoginPageTest -->
